2025-04-09 15:12:04.490992 - Received CBT.V508.FILE020.PDS from FILE020.XMI 
2025-04-09 15:12:04.509488 - Found $$$#DATE.txt (text/plain) in CBT.V508.FILE020.PDS, moved to PDS/$$$#DATE
2025-04-09 15:12:04.510085 - Found $$$DOC.txt (text/plain) in CBT.V508.FILE020.PDS, moved to PDS/$$$DOC
2025-04-09 15:12:04.510700 - Found $$NOTE01.txt (text/plain) in CBT.V508.FILE020.PDS, moved to PDS/$$NOTE01
2025-04-09 15:12:04.511287 - Found @FILE020.txt (text/plain) in CBT.V508.FILE020.PDS, moved to PDS/@FILE020
2025-04-09 15:12:04.511918 - Found APFLIST.rexx (text/plain) in CBT.V508.FILE020.PDS, moved to PDS/APFLIST
2025-04-09 15:12:04.512547 - Found ASCB.rexx (text/plain) in CBT.V508.FILE020.PDS, moved to PDS/ASCB
2025-04-09 15:12:04.513136 - Found ASCB2.rexx (text/plain) in CBT.V508.FILE020.PDS, moved to PDS/ASCB2
2025-04-09 15:12:04.513696 - Found BRODCAST.rexx (text/plain) in CBT.V508.FILE020.PDS, moved to PDS/BRODCAST
2025-04-09 15:12:04.514286 - Found CARDS.rexx (text/plain) in CBT.V508.FILE020.PDS, moved to PDS/CARDS
2025-04-09 15:12:04.514882 - Found CAXWA.rexx (text/plain) in CBT.V508.FILE020.PDS, moved to PDS/CAXWA
2025-04-09 15:12:04.515390 - Found DASDUCB.rexx (text/plain) in CBT.V508.FILE020.PDS, moved to PDS/DASDUCB
2025-04-09 15:12:04.516005 - Found DIRPDS.rexx (text/plain) in CBT.V508.FILE020.PDS, moved to PDS/DIRPDS
2025-04-09 15:12:04.516508 - Found DSCB.rexx (text/plain) in CBT.V508.FILE020.PDS, moved to PDS/DSCB
2025-04-09 15:12:04.517039 - Found EDTLIST.rexx (text/plain) in CBT.V508.FILE020.PDS, moved to PDS/EDTLIST
2025-04-09 15:12:04.517535 - Found EDTLOOK.rexx (text/plain) in CBT.V508.FILE020.PDS, moved to PDS/EDTLOOK
2025-04-09 15:12:04.518155 - Found GDGDEL.rexx (text/plain) in CBT.V508.FILE020.PDS, moved to PDS/GDGDEL
2025-04-09 15:12:04.518758 - Found GDGSCAN.rexx (text/plain) in CBT.V508.FILE020.PDS, moved to PDS/GDGSCAN
2025-04-09 15:12:04.519329 - Found GENERIC.rexx (text/plain) in CBT.V508.FILE020.PDS, moved to PDS/GENERIC
2025-04-09 15:12:04.519928 - Found LDSITEST.rexx (text/plain) in CBT.V508.FILE020.PDS, moved to PDS/LDSITEST
2025-04-09 15:12:04.520428 - Found LISTAPFT.rexx (text/plain) in CBT.V508.FILE020.PDS, moved to PDS/LISTAPFT
2025-04-09 15:12:04.521383 - Found LISTAPF2.rexx (text/plain) in CBT.V508.FILE020.PDS, moved to PDS/LISTAPF2
2025-04-09 15:12:04.521975 - Found LISTDASD.rexx (text/plain) in CBT.V508.FILE020.PDS, moved to PDS/LISTDASD
2025-04-09 15:12:04.522597 - Found LISTDCQ.rexx (text/plain) in CBT.V508.FILE020.PDS, moved to PDS/LISTDCQ
2025-04-09 15:12:04.523138 - Found LISTTAPE.rexx (text/plain) in CBT.V508.FILE020.PDS, moved to PDS/LISTTAPE
2025-04-09 15:12:04.523669 - Found LNKLIST.rexx (text/plain) in CBT.V508.FILE020.PDS, moved to PDS/LNKLIST
2025-04-09 15:12:04.524211 - Found LST.rexx (text/plain) in CBT.V508.FILE020.PDS, moved to PDS/LST
2025-04-09 15:12:04.524781 - Found LST#.txt (text/plain) in CBT.V508.FILE020.PDS, moved to PDS/LST#
2025-04-09 15:12:04.525420 - Found MOO.rexx (text/plain) in CBT.V508.FILE020.PDS, moved to PDS/MOO
2025-04-09 15:12:04.525977 - Found RDSNALL.txt (text/plain) in CBT.V508.FILE020.PDS, moved to PDS/RDSNALL
2025-04-09 15:12:04.526540 - Found RDSNALL$.jcl (text/plain) in CBT.V508.FILE020.PDS, moved to PDS/RDSNALL$
2025-04-09 15:12:04.527169 - Found RDSNTEST.rexx (text/plain) in CBT.V508.FILE020.PDS, moved to PDS/RDSNTEST
2025-04-09 15:12:04.527777 - Found REGS.txt (text/plain) in CBT.V508.FILE020.PDS, moved to PDS/REGS
2025-04-09 15:12:04.528376 - Found RETSTORE.rexx (text/plain) in CBT.V508.FILE020.PDS, moved to PDS/RETSTORE
2025-04-09 15:12:04.528956 - Found SETISR.rexx (text/plain) in CBT.V508.FILE020.PDS, moved to PDS/SETISR
2025-04-09 15:12:04.529500 - Found SMFID.rexx (text/plain) in CBT.V508.FILE020.PDS, moved to PDS/SMFID
2025-04-09 15:12:04.530054 - Found SSCTLOOK.rexx (text/plain) in CBT.V508.FILE020.PDS, moved to PDS/SSCTLOOK
2025-04-09 15:12:04.530693 - Found SUBSYS.rexx (text/plain) in CBT.V508.FILE020.PDS, moved to PDS/SUBSYS
2025-04-09 15:12:04.531287 - Found SYSBASE.rexx (text/plain) in CBT.V508.FILE020.PDS, moved to PDS/SYSBASE
2025-04-09 15:12:04.531818 - Found TEMPLATE.rexx (text/plain) in CBT.V508.FILE020.PDS, moved to PDS/TEMPLATE
2025-04-09 15:12:04.532382 - Found TSOTRAP.rexx (text/plain) in CBT.V508.FILE020.PDS, moved to PDS/TSOTRAP
2025-04-09 15:12:04.532914 - Found UCBINFO.rexx (text/plain) in CBT.V508.FILE020.PDS, moved to PDS/UCBINFO
2025-04-09 15:12:04.533472 - Found UCBSEL.rexx (text/plain) in CBT.V508.FILE020.PDS, moved to PDS/UCBSEL
2025-04-09 15:12:04.534077 - Found UCBSUBR.txt (text/plain) in CBT.V508.FILE020.PDS, moved to PDS/UCBSUBR
2025-04-09 15:12:04.534865 - Found UCBTEST.rexx (text/plain) in CBT.V508.FILE020.PDS, moved to PDS/UCBTEST
